<?xml version="1.0" encoding="UTF-8"?>
<testsuites>
  <testsuite name="" tests="42" assertions="49" errors="0" warnings="0" failures="42" skipped="0" time="0.848443">
    <testsuite name="Feature" tests="42" assertions="49" errors="0" warnings="0" failures="42" skipped="0" time="0.848443">
      <testsuite name="Tests\Feature\BooksListTest" file="/Users/mohamad/Downloads/backend/a/example-app/tests/Feature/BookListTest.php" tests="7" assertions="14" errors="0" warnings="0" failures="7" skipped="0" time="0.351142">
        <testcase name="testResponseStructure" class="Tests\Feature\BooksListTest" classname="Tests.Feature.BooksListTest" file="/Users/mohamad/Downloads/backend/a/example-app/tests/Feature/BookListTest.php" line="14" assertions="2" time="0.219582">
          <failure type="PHPUnit\Framework\AssertionFailedError">Tests\Feature\BooksListTest::testResponseStructure
Invalid JSON was returned from the route.

/Users/mohamad/Downloads/backend/a/example-app/vendor/laravel/framework/src/Illuminate/Testing/TestResponse.php:952
/Users/mohamad/Downloads/backend/a/example-app/vendor/laravel/framework/src/Illuminate/Testing/TestResponse.php:798
/Users/mohamad/Downloads/backend/a/example-app/tests/Feature/BookListTest.php:37</failure>
        </testcase>
        <testcase name="testListWithoutFilters" class="Tests\Feature\BooksListTest" classname="Tests.Feature.BooksListTest" file="/Users/mohamad/Downloads/backend/a/example-app/tests/Feature/BookListTest.php" line="72" assertions="2" time="0.047205">
          <failure type="PHPUnit\Framework\AssertionFailedError">Tests\Feature\BooksListTest::testListWithoutFilters
Invalid JSON was returned from the route.

/Users/mohamad/Downloads/backend/a/example-app/vendor/laravel/framework/src/Illuminate/Testing/TestResponse.php:952
/Users/mohamad/Downloads/backend/a/example-app/vendor/laravel/framework/src/Illuminate/Testing/TestResponse.php:692
/Users/mohamad/Downloads/backend/a/example-app/tests/Feature/BookListTest.php:209
/Users/mohamad/Downloads/backend/a/example-app/tests/Feature/BookListTest.php:89</failure>
        </testcase>
        <testcase name="testTitleFilter" class="Tests\Feature\BooksListTest" classname="Tests.Feature.BooksListTest" file="/Users/mohamad/Downloads/backend/a/example-app/tests/Feature/BookListTest.php" line="92" assertions="2" time="0.013539">
          <failure type="PHPUnit\Framework\AssertionFailedError">Tests\Feature\BooksListTest::testTitleFilter
Invalid JSON was returned from the route.

/Users/mohamad/Downloads/backend/a/example-app/vendor/laravel/framework/src/Illuminate/Testing/TestResponse.php:952
/Users/mohamad/Downloads/backend/a/example-app/vendor/laravel/framework/src/Illuminate/Testing/TestResponse.php:692
/Users/mohamad/Downloads/backend/a/example-app/tests/Feature/BookListTest.php:209
/Users/mohamad/Downloads/backend/a/example-app/tests/Feature/BookListTest.php:101</failure>
        </testcase>
        <testcase name="testAuthorsFilter" class="Tests\Feature\BooksListTest" classname="Tests.Feature.BooksListTest" file="/Users/mohamad/Downloads/backend/a/example-app/tests/Feature/BookListTest.php" line="109" assertions="2" time="0.015161">
          <failure type="PHPUnit\Framework\AssertionFailedError">Tests\Feature\BooksListTest::testAuthorsFilter
Invalid JSON was returned from the route.

/Users/mohamad/Downloads/backend/a/example-app/vendor/laravel/framework/src/Illuminate/Testing/TestResponse.php:952
/Users/mohamad/Downloads/backend/a/example-app/vendor/laravel/framework/src/Illuminate/Testing/TestResponse.php:692
/Users/mohamad/Downloads/backend/a/example-app/tests/Feature/BookListTest.php:209
/Users/mohamad/Downloads/backend/a/example-app/tests/Feature/BookListTest.php:126</failure>
        </testcase>
        <testcase name="testTitleSort" class="Tests\Feature\BooksListTest" classname="Tests.Feature.BooksListTest" file="/Users/mohamad/Downloads/backend/a/example-app/tests/Feature/BookListTest.php" line="139" assertions="2" time="0.013562">
          <failure type="PHPUnit\Framework\AssertionFailedError">Tests\Feature\BooksListTest::testTitleSort
Invalid JSON was returned from the route.

/Users/mohamad/Downloads/backend/a/example-app/vendor/laravel/framework/src/Illuminate/Testing/TestResponse.php:952
/Users/mohamad/Downloads/backend/a/example-app/vendor/laravel/framework/src/Illuminate/Testing/TestResponse.php:692
/Users/mohamad/Downloads/backend/a/example-app/tests/Feature/BookListTest.php:209
/Users/mohamad/Downloads/backend/a/example-app/tests/Feature/BookListTest.php:149</failure>
        </testcase>
        <testcase name="testAvgReviewSort" class="Tests\Feature\BooksListTest" classname="Tests.Feature.BooksListTest" file="/Users/mohamad/Downloads/backend/a/example-app/tests/Feature/BookListTest.php" line="157" assertions="2" time="0.016079">
          <failure type="PHPUnit\Framework\AssertionFailedError">Tests\Feature\BooksListTest::testAvgReviewSort
Invalid JSON was returned from the route.

/Users/mohamad/Downloads/backend/a/example-app/vendor/laravel/framework/src/Illuminate/Testing/TestResponse.php:952
/Users/mohamad/Downloads/backend/a/example-app/vendor/laravel/framework/src/Illuminate/Testing/TestResponse.php:692
/Users/mohamad/Downloads/backend/a/example-app/tests/Feature/BookListTest.php:209
/Users/mohamad/Downloads/backend/a/example-app/tests/Feature/BookListTest.php:181</failure>
        </testcase>
        <testcase name="testPagination" class="Tests\Feature\BooksListTest" classname="Tests.Feature.BooksListTest" file="/Users/mohamad/Downloads/backend/a/example-app/tests/Feature/BookListTest.php" line="189" assertions="2" time="0.026014">
          <failure type="PHPUnit\Framework\AssertionFailedError">Tests\Feature\BooksListTest::testPagination
Invalid JSON was returned from the route.

/Users/mohamad/Downloads/backend/a/example-app/vendor/laravel/framework/src/Illuminate/Testing/TestResponse.php:952
/Users/mohamad/Downloads/backend/a/example-app/vendor/laravel/framework/src/Illuminate/Testing/TestResponse.php:692
/Users/mohamad/Downloads/backend/a/example-app/tests/Feature/BookListTest.php:209
/Users/mohamad/Downloads/backend/a/example-app/tests/Feature/BookListTest.php:198</failure>
        </testcase>
      </testsuite>
      <testsuite name="Tests\Feature\BookPostTest" file="/Users/mohamad/Downloads/backend/a/example-app/tests/Feature/BookPostTest.php" tests="24" assertions="24" errors="0" warnings="0" failures="24" skipped="0" time="0.344175">
        <testcase name="testDenyGuestAccess" class="Tests\Feature\BookPostTest" classname="Tests.Feature.BookPostTest" file="/Users/mohamad/Downloads/backend/a/example-app/tests/Feature/BookPostTest.php" line="13" assertions="1" time="0.030811">
          <failure type="PHPUnit\Framework\ExpectationFailedException">Tests\Feature\BookPostTest::testDenyGuestAccess
Expected response status code [401] but received 200.
  Failed asserting that 401 is identical to 200.

/Users/mohamad/Downloads/backend/a/example-app/vendor/laravel/framework/src/Illuminate/Testing/TestResponse.php:177
/Users/mohamad/Downloads/backend/a/example-app/tests/Feature/BookPostTest.php:24</failure>
        </testcase>
        <testcase name="testDenyNonAdminUserAccess" class="Tests\Feature\BookPostTest" classname="Tests.Feature.BookPostTest" file="/Users/mohamad/Downloads/backend/a/example-app/tests/Feature/BookPostTest.php" line="27" assertions="1" time="0.024974">
          <failure type="PHPUnit\Framework\ExpectationFailedException">Tests\Feature\BookPostTest::testDenyNonAdminUserAccess
Expected response status code [403] but received 200.
  Failed asserting that 403 is identical to 200.

/Users/mohamad/Downloads/backend/a/example-app/vendor/laravel/framework/src/Illuminate/Testing/TestResponse.php:177
/Users/mohamad/Downloads/backend/a/example-app/tests/Feature/BookPostTest.php:41</failure>
        </testcase>
        <testcase name="testSuccessfulPost" class="Tests\Feature\BookPostTest" classname="Tests.Feature.BookPostTest" file="/Users/mohamad/Downloads/backend/a/example-app/tests/Feature/BookPostTest.php" line="44" assertions="1" time="0.012343">
          <failure type="PHPUnit\Framework\ExpectationFailedException">Tests\Feature\BookPostTest::testSuccessfulPost
Expected response status code [201] but received 200.
  Failed asserting that 201 is identical to 200.

/Users/mohamad/Downloads/backend/a/example-app/vendor/laravel/framework/src/Illuminate/Testing/TestResponse.php:177
/Users/mohamad/Downloads/backend/a/example-app/tests/Feature/BookPostTest.php:58</failure>
        </testcase>
        <testsuite name="Tests\Feature\BookPostTest::testValidation" tests="21" assertions="21" errors="0" warnings="0" failures="21" skipped="0" time="0.276047">
          <testcase name="testValidation with data set #0" class="Tests\Feature\BookPostTest" classname="Tests.Feature.BookPostTest" file="/Users/mohamad/Downloads/backend/a/example-app/tests/Feature/BookPostTest.php" line="72" assertions="1" time="0.012631">
            <failure type="PHPUnit\Framework\ExpectationFailedException">Tests\Feature\BookPostTest::testValidation with data set #0 (array(null), 'isbn')
Expected response status code [422] but received 200.
  Failed asserting that 422 is identical to 200.

/Users/mohamad/Downloads/backend/a/example-app/vendor/laravel/framework/src/Illuminate/Testing/TestResponse.php:177
/Users/mohamad/Downloads/backend/a/example-app/tests/Feature/BookPostTest.php:91</failure>
          </testcase>
          <testcase name="testValidation with data set #1" class="Tests\Feature\BookPostTest" classname="Tests.Feature.BookPostTest" file="/Users/mohamad/Downloads/backend/a/example-app/tests/Feature/BookPostTest.php" line="72" assertions="1" time="0.012522">
            <failure type="PHPUnit\Framework\ExpectationFailedException">Tests\Feature\BookPostTest::testValidation with data set #1 (array(''), 'isbn')
Expected response status code [422] but received 200.
  Failed asserting that 422 is identical to 200.

/Users/mohamad/Downloads/backend/a/example-app/vendor/laravel/framework/src/Illuminate/Testing/TestResponse.php:177
/Users/mohamad/Downloads/backend/a/example-app/tests/Feature/BookPostTest.php:91</failure>
          </testcase>
          <testcase name="testValidation with data set #2" class="Tests\Feature\BookPostTest" classname="Tests.Feature.BookPostTest" file="/Users/mohamad/Downloads/backend/a/example-app/tests/Feature/BookPostTest.php" line="72" assertions="1" time="0.013278">
            <failure type="PHPUnit\Framework\ExpectationFailedException">Tests\Feature\BookPostTest::testValidation with data set #2 (array('97883283023414'), 'isbn')
Expected response status code [422] but received 200.
  Failed asserting that 422 is identical to 200.

/Users/mohamad/Downloads/backend/a/example-app/vendor/laravel/framework/src/Illuminate/Testing/TestResponse.php:177
/Users/mohamad/Downloads/backend/a/example-app/tests/Feature/BookPostTest.php:91</failure>
          </testcase>
          <testcase name="testValidation with data set #3" class="Tests\Feature\BookPostTest" classname="Tests.Feature.BookPostTest" file="/Users/mohamad/Downloads/backend/a/example-app/tests/Feature/BookPostTest.php" line="72" assertions="1" time="0.013352">
            <failure type="PHPUnit\Framework\ExpectationFailedException">Tests\Feature\BookPostTest::testValidation with data set #3 (array('978832830'), 'isbn')
Expected response status code [422] but received 200.
  Failed asserting that 422 is identical to 200.

/Users/mohamad/Downloads/backend/a/example-app/vendor/laravel/framework/src/Illuminate/Testing/TestResponse.php:177
/Users/mohamad/Downloads/backend/a/example-app/tests/Feature/BookPostTest.php:91</failure>
          </testcase>
          <testcase name="testValidation with data set #4" class="Tests\Feature\BookPostTest" classname="Tests.Feature.BookPostTest" file="/Users/mohamad/Downloads/backend/a/example-app/tests/Feature/BookPostTest.php" line="72" assertions="1" time="0.012592">
            <failure type="PHPUnit\Framework\ExpectationFailedException">Tests\Feature\BookPostTest::testValidation with data set #4 (array('97883283023422'), 'isbn')
Expected response status code [422] but received 200.
  Failed asserting that 422 is identical to 200.

/Users/mohamad/Downloads/backend/a/example-app/vendor/laravel/framework/src/Illuminate/Testing/TestResponse.php:177
/Users/mohamad/Downloads/backend/a/example-app/tests/Feature/BookPostTest.php:91</failure>
          </testcase>
          <testcase name="testValidation with data set #5" class="Tests\Feature\BookPostTest" classname="Tests.Feature.BookPostTest" file="/Users/mohamad/Downloads/backend/a/example-app/tests/Feature/BookPostTest.php" line="72" assertions="1" time="0.013414">
            <failure type="PHPUnit\Framework\ExpectationFailedException">Tests\Feature\BookPostTest::testValidation with data set #5 (array(array()), 'isbn')
Expected response status code [422] but received 200.
  Failed asserting that 422 is identical to 200.

/Users/mohamad/Downloads/backend/a/example-app/vendor/laravel/framework/src/Illuminate/Testing/TestResponse.php:177
/Users/mohamad/Downloads/backend/a/example-app/tests/Feature/BookPostTest.php:91</failure>
          </testcase>
          <testcase name="testValidation with data set #6" class="Tests\Feature\BookPostTest" classname="Tests.Feature.BookPostTest" file="/Users/mohamad/Downloads/backend/a/example-app/tests/Feature/BookPostTest.php" line="72" assertions="1" time="0.012622">
            <failure type="PHPUnit\Framework\ExpectationFailedException">Tests\Feature\BookPostTest::testValidation with data set #6 (array(array(673890)), 'isbn')
Expected response status code [422] but received 200.
  Failed asserting that 422 is identical to 200.

/Users/mohamad/Downloads/backend/a/example-app/vendor/laravel/framework/src/Illuminate/Testing/TestResponse.php:177
/Users/mohamad/Downloads/backend/a/example-app/tests/Feature/BookPostTest.php:91</failure>
          </testcase>
          <testcase name="testValidation with data set #7" class="Tests\Feature\BookPostTest" classname="Tests.Feature.BookPostTest" file="/Users/mohamad/Downloads/backend/a/example-app/tests/Feature/BookPostTest.php" line="72" assertions="1" time="0.013004">
            <failure type="PHPUnit\Framework\ExpectationFailedException">Tests\Feature\BookPostTest::testValidation with data set #7 (array(array('978832830234')), 'isbn')
Expected response status code [422] but received 200.
  Failed asserting that 422 is identical to 200.

/Users/mohamad/Downloads/backend/a/example-app/vendor/laravel/framework/src/Illuminate/Testing/TestResponse.php:177
/Users/mohamad/Downloads/backend/a/example-app/tests/Feature/BookPostTest.php:91</failure>
          </testcase>
          <testcase name="testValidation with data set #8" class="Tests\Feature\BookPostTest" classname="Tests.Feature.BookPostTest" file="/Users/mohamad/Downloads/backend/a/example-app/tests/Feature/BookPostTest.php" line="72" assertions="1" time="0.013535">
            <failure type="PHPUnit\Framework\ExpectationFailedException">Tests\Feature\BookPostTest::testValidation with data set #8 (array('FCKGWRHQQ2'), 'isbn')
Expected response status code [422] but received 200.
  Failed asserting that 422 is identical to 200.

/Users/mohamad/Downloads/backend/a/example-app/vendor/laravel/framework/src/Illuminate/Testing/TestResponse.php:177
/Users/mohamad/Downloads/backend/a/example-app/tests/Feature/BookPostTest.php:91</failure>
          </testcase>
          <testcase name="testValidation with data set #9" class="Tests\Feature\BookPostTest" classname="Tests.Feature.BookPostTest" file="/Users/mohamad/Downloads/backend/a/example-app/tests/Feature/BookPostTest.php" line="72" assertions="1" time="0.012748">
            <failure type="PHPUnit\Framework\ExpectationFailedException">Tests\Feature\BookPostTest::testValidation with data set #9 (array(null), 'title')
Expected response status code [422] but received 200.
  Failed asserting that 422 is identical to 200.

/Users/mohamad/Downloads/backend/a/example-app/vendor/laravel/framework/src/Illuminate/Testing/TestResponse.php:177
/Users/mohamad/Downloads/backend/a/example-app/tests/Feature/BookPostTest.php:91</failure>
          </testcase>
          <testcase name="testValidation with data set #10" class="Tests\Feature\BookPostTest" classname="Tests.Feature.BookPostTest" file="/Users/mohamad/Downloads/backend/a/example-app/tests/Feature/BookPostTest.php" line="72" assertions="1" time="0.013585">
            <failure type="PHPUnit\Framework\ExpectationFailedException">Tests\Feature\BookPostTest::testValidation with data set #10 (array(''), 'title')
Expected response status code [422] but received 200.
  Failed asserting that 422 is identical to 200.

/Users/mohamad/Downloads/backend/a/example-app/vendor/laravel/framework/src/Illuminate/Testing/TestResponse.php:177
/Users/mohamad/Downloads/backend/a/example-app/tests/Feature/BookPostTest.php:91</failure>
          </testcase>
          <testcase name="testValidation with data set #11" class="Tests\Feature\BookPostTest" classname="Tests.Feature.BookPostTest" file="/Users/mohamad/Downloads/backend/a/example-app/tests/Feature/BookPostTest.php" line="72" assertions="1" time="0.013078">
            <failure type="PHPUnit\Framework\ExpectationFailedException">Tests\Feature\BookPostTest::testValidation with data set #11 (array(array()), 'title')
Expected response status code [422] but received 200.
  Failed asserting that 422 is identical to 200.

/Users/mohamad/Downloads/backend/a/example-app/vendor/laravel/framework/src/Illuminate/Testing/TestResponse.php:177
/Users/mohamad/Downloads/backend/a/example-app/tests/Feature/BookPostTest.php:91</failure>
          </testcase>
          <testcase name="testValidation with data set #12" class="Tests\Feature\BookPostTest" classname="Tests.Feature.BookPostTest" file="/Users/mohamad/Downloads/backend/a/example-app/tests/Feature/BookPostTest.php" line="72" assertions="1" time="0.013471">
            <failure type="PHPUnit\Framework\ExpectationFailedException">Tests\Feature\BookPostTest::testValidation with data set #12 (array(null), 'description')
Expected response status code [422] but received 200.
  Failed asserting that 422 is identical to 200.

/Users/mohamad/Downloads/backend/a/example-app/vendor/laravel/framework/src/Illuminate/Testing/TestResponse.php:177
/Users/mohamad/Downloads/backend/a/example-app/tests/Feature/BookPostTest.php:91</failure>
          </testcase>
          <testcase name="testValidation with data set #13" class="Tests\Feature\BookPostTest" classname="Tests.Feature.BookPostTest" file="/Users/mohamad/Downloads/backend/a/example-app/tests/Feature/BookPostTest.php" line="72" assertions="1" time="0.013296">
            <failure type="PHPUnit\Framework\ExpectationFailedException">Tests\Feature\BookPostTest::testValidation with data set #13 (array(''), 'description')
Expected response status code [422] but received 200.
  Failed asserting that 422 is identical to 200.

/Users/mohamad/Downloads/backend/a/example-app/vendor/laravel/framework/src/Illuminate/Testing/TestResponse.php:177
/Users/mohamad/Downloads/backend/a/example-app/tests/Feature/BookPostTest.php:91</failure>
          </testcase>
          <testcase name="testValidation with data set #14" class="Tests\Feature\BookPostTest" classname="Tests.Feature.BookPostTest" file="/Users/mohamad/Downloads/backend/a/example-app/tests/Feature/BookPostTest.php" line="72" assertions="1" time="0.013107">
            <failure type="PHPUnit\Framework\ExpectationFailedException">Tests\Feature\BookPostTest::testValidation with data set #14 (array(array()), 'description')
Expected response status code [422] but received 200.
  Failed asserting that 422 is identical to 200.

/Users/mohamad/Downloads/backend/a/example-app/vendor/laravel/framework/src/Illuminate/Testing/TestResponse.php:177
/Users/mohamad/Downloads/backend/a/example-app/tests/Feature/BookPostTest.php:91</failure>
          </testcase>
          <testcase name="testValidation with data set #15" class="Tests\Feature\BookPostTest" classname="Tests.Feature.BookPostTest" file="/Users/mohamad/Downloads/backend/a/example-app/tests/Feature/BookPostTest.php" line="72" assertions="1" time="0.013586">
            <failure type="PHPUnit\Framework\ExpectationFailedException">Tests\Feature\BookPostTest::testValidation with data set #15 (array(null), 'authors')
Expected response status code [422] but received 200.
  Failed asserting that 422 is identical to 200.

/Users/mohamad/Downloads/backend/a/example-app/vendor/laravel/framework/src/Illuminate/Testing/TestResponse.php:177
/Users/mohamad/Downloads/backend/a/example-app/tests/Feature/BookPostTest.php:91</failure>
          </testcase>
          <testcase name="testValidation with data set #16" class="Tests\Feature\BookPostTest" classname="Tests.Feature.BookPostTest" file="/Users/mohamad/Downloads/backend/a/example-app/tests/Feature/BookPostTest.php" line="72" assertions="1" time="0.013481">
            <failure type="PHPUnit\Framework\ExpectationFailedException">Tests\Feature\BookPostTest::testValidation with data set #16 (array(array()), 'authors')
Expected response status code [422] but received 200.
  Failed asserting that 422 is identical to 200.

/Users/mohamad/Downloads/backend/a/example-app/vendor/laravel/framework/src/Illuminate/Testing/TestResponse.php:177
/Users/mohamad/Downloads/backend/a/example-app/tests/Feature/BookPostTest.php:91</failure>
          </testcase>
          <testcase name="testValidation with data set #17" class="Tests\Feature\BookPostTest" classname="Tests.Feature.BookPostTest" file="/Users/mohamad/Downloads/backend/a/example-app/tests/Feature/BookPostTest.php" line="72" assertions="1" time="0.012796">
            <failure type="PHPUnit\Framework\ExpectationFailedException">Tests\Feature\BookPostTest::testValidation with data set #17 (array(''), 'authors')
Expected response status code [422] but received 200.
  Failed asserting that 422 is identical to 200.

/Users/mohamad/Downloads/backend/a/example-app/vendor/laravel/framework/src/Illuminate/Testing/TestResponse.php:177
/Users/mohamad/Downloads/backend/a/example-app/tests/Feature/BookPostTest.php:91</failure>
          </testcase>
          <testcase name="testValidation with data set #18" class="Tests\Feature\BookPostTest" classname="Tests.Feature.BookPostTest" file="/Users/mohamad/Downloads/backend/a/example-app/tests/Feature/BookPostTest.php" line="72" assertions="1" time="0.013592">
            <failure type="PHPUnit\Framework\ExpectationFailedException">Tests\Feature\BookPostTest::testValidation with data set #18 (array(array(999999)), 'authors.0')
Expected response status code [422] but received 200.
  Failed asserting that 422 is identical to 200.

/Users/mohamad/Downloads/backend/a/example-app/vendor/laravel/framework/src/Illuminate/Testing/TestResponse.php:177
/Users/mohamad/Downloads/backend/a/example-app/tests/Feature/BookPostTest.php:91</failure>
          </testcase>
          <testcase name="testValidation with data set #19" class="Tests\Feature\BookPostTest" classname="Tests.Feature.BookPostTest" file="/Users/mohamad/Downloads/backend/a/example-app/tests/Feature/BookPostTest.php" line="72" assertions="1" time="0.012944">
            <failure type="PHPUnit\Framework\ExpectationFailedException">Tests\Feature\BookPostTest::testValidation with data set #19 (array(array(array())), 'authors.0')
Expected response status code [422] but received 200.
  Failed asserting that 422 is identical to 200.

/Users/mohamad/Downloads/backend/a/example-app/vendor/laravel/framework/src/Illuminate/Testing/TestResponse.php:177
/Users/mohamad/Downloads/backend/a/example-app/tests/Feature/BookPostTest.php:91</failure>
          </testcase>
          <testcase name="testValidation with data set #20" class="Tests\Feature\BookPostTest" classname="Tests.Feature.BookPostTest" file="/Users/mohamad/Downloads/backend/a/example-app/tests/Feature/BookPostTest.php" line="72" assertions="1" time="0.013416">
            <failure type="PHPUnit\Framework\ExpectationFailedException">Tests\Feature\BookPostTest::testValidation with data set #20 (array(array(null)), 'authors.0')
Expected response status code [422] but received 200.
  Failed asserting that 422 is identical to 200.

/Users/mohamad/Downloads/backend/a/example-app/vendor/laravel/framework/src/Illuminate/Testing/TestResponse.php:177
/Users/mohamad/Downloads/backend/a/example-app/tests/Feature/BookPostTest.php:91</failure>
          </testcase>
        </testsuite>
      </testsuite>
      <testsuite name="Tests\Feature\BookReviewTest" file="/Users/mohamad/Downloads/backend/a/example-app/tests/Feature/BookReviewTest.php" tests="11" assertions="11" errors="0" warnings="0" failures="11" skipped="0" time="0.153127">
        <testcase name="testDenyGuestAccess" class="Tests\Feature\BookReviewTest" classname="Tests.Feature.BookReviewTest" file="/Users/mohamad/Downloads/backend/a/example-app/tests/Feature/BookReviewTest.php" line="14" assertions="1" time="0.015032">
          <failure type="PHPUnit\Framework\ExpectationFailedException">Tests\Feature\BookReviewTest::testDenyGuestAccess
Expected response status code [401] but received 200.
  Failed asserting that 401 is identical to 200.

/Users/mohamad/Downloads/backend/a/example-app/vendor/laravel/framework/src/Illuminate/Testing/TestResponse.php:177
/Users/mohamad/Downloads/backend/a/example-app/tests/Feature/BookReviewTest.php:23</failure>
        </testcase>
        <testcase name="testSuccessfulPost" class="Tests\Feature\BookReviewTest" classname="Tests.Feature.BookReviewTest" file="/Users/mohamad/Downloads/backend/a/example-app/tests/Feature/BookReviewTest.php" line="26" assertions="1" time="0.013699">
          <failure type="PHPUnit\Framework\ExpectationFailedException">Tests\Feature\BookReviewTest::testSuccessfulPost
Expected response status code [201] but received 200.
  Failed asserting that 201 is identical to 200.

/Users/mohamad/Downloads/backend/a/example-app/vendor/laravel/framework/src/Illuminate/Testing/TestResponse.php:177
/Users/mohamad/Downloads/backend/a/example-app/tests/Feature/BookReviewTest.php:38</failure>
        </testcase>
        <testsuite name="Tests\Feature\BookReviewTest::testValidation" tests="9" assertions="9" errors="0" warnings="0" failures="9" skipped="0" time="0.124396">
          <testcase name="testValidation with data set #0" class="Tests\Feature\BookReviewTest" classname="Tests.Feature.BookReviewTest" file="/Users/mohamad/Downloads/backend/a/example-app/tests/Feature/BookReviewTest.php" line="64" assertions="1" time="0.022358">
            <failure type="PHPUnit\Framework\ExpectationFailedException">Tests\Feature\BookReviewTest::testValidation with data set #0 (array(null), 'review')
Expected response status code [422] but received 200.
  Failed asserting that 422 is identical to 200.

/Users/mohamad/Downloads/backend/a/example-app/vendor/laravel/framework/src/Illuminate/Testing/TestResponse.php:177
/Users/mohamad/Downloads/backend/a/example-app/tests/Feature/BookReviewTest.php:79</failure>
          </testcase>
          <testcase name="testValidation with data set #1" class="Tests\Feature\BookReviewTest" classname="Tests.Feature.BookReviewTest" file="/Users/mohamad/Downloads/backend/a/example-app/tests/Feature/BookReviewTest.php" line="64" assertions="1" time="0.012518">
            <failure type="PHPUnit\Framework\ExpectationFailedException">Tests\Feature\BookReviewTest::testValidation with data set #1 (array(''), 'review')
Expected response status code [422] but received 200.
  Failed asserting that 422 is identical to 200.

/Users/mohamad/Downloads/backend/a/example-app/vendor/laravel/framework/src/Illuminate/Testing/TestResponse.php:177
/Users/mohamad/Downloads/backend/a/example-app/tests/Feature/BookReviewTest.php:79</failure>
          </testcase>
          <testcase name="testValidation with data set #2" class="Tests\Feature\BookReviewTest" classname="Tests.Feature.BookReviewTest" file="/Users/mohamad/Downloads/backend/a/example-app/tests/Feature/BookReviewTest.php" line="64" assertions="1" time="0.012818">
            <failure type="PHPUnit\Framework\ExpectationFailedException">Tests\Feature\BookReviewTest::testValidation with data set #2 (array(0), 'review')
Expected response status code [422] but received 200.
  Failed asserting that 422 is identical to 200.

/Users/mohamad/Downloads/backend/a/example-app/vendor/laravel/framework/src/Illuminate/Testing/TestResponse.php:177
/Users/mohamad/Downloads/backend/a/example-app/tests/Feature/BookReviewTest.php:79</failure>
          </testcase>
          <testcase name="testValidation with data set #3" class="Tests\Feature\BookReviewTest" classname="Tests.Feature.BookReviewTest" file="/Users/mohamad/Downloads/backend/a/example-app/tests/Feature/BookReviewTest.php" line="64" assertions="1" time="0.012959">
            <failure type="PHPUnit\Framework\ExpectationFailedException">Tests\Feature\BookReviewTest::testValidation with data set #3 (array(11), 'review')
Expected response status code [422] but received 200.
  Failed asserting that 422 is identical to 200.

/Users/mohamad/Downloads/backend/a/example-app/vendor/laravel/framework/src/Illuminate/Testing/TestResponse.php:177
/Users/mohamad/Downloads/backend/a/example-app/tests/Feature/BookReviewTest.php:79</failure>
          </testcase>
          <testcase name="testValidation with data set #4" class="Tests\Feature\BookReviewTest" classname="Tests.Feature.BookReviewTest" file="/Users/mohamad/Downloads/backend/a/example-app/tests/Feature/BookReviewTest.php" line="64" assertions="1" time="0.012539">
            <failure type="PHPUnit\Framework\ExpectationFailedException">Tests\Feature\BookReviewTest::testValidation with data set #4 (array(3.5), 'review')
Expected response status code [422] but received 200.
  Failed asserting that 422 is identical to 200.

/Users/mohamad/Downloads/backend/a/example-app/vendor/laravel/framework/src/Illuminate/Testing/TestResponse.php:177
/Users/mohamad/Downloads/backend/a/example-app/tests/Feature/BookReviewTest.php:79</failure>
          </testcase>
          <testcase name="testValidation with data set #5" class="Tests\Feature\BookReviewTest" classname="Tests.Feature.BookReviewTest" file="/Users/mohamad/Downloads/backend/a/example-app/tests/Feature/BookReviewTest.php" line="64" assertions="1" time="0.012635">
            <failure type="PHPUnit\Framework\ExpectationFailedException">Tests\Feature\BookReviewTest::testValidation with data set #5 (array(array()), 'review')
Expected response status code [422] but received 200.
  Failed asserting that 422 is identical to 200.

/Users/mohamad/Downloads/backend/a/example-app/vendor/laravel/framework/src/Illuminate/Testing/TestResponse.php:177
/Users/mohamad/Downloads/backend/a/example-app/tests/Feature/BookReviewTest.php:79</failure>
          </testcase>
          <testcase name="testValidation with data set #6" class="Tests\Feature\BookReviewTest" classname="Tests.Feature.BookReviewTest" file="/Users/mohamad/Downloads/backend/a/example-app/tests/Feature/BookReviewTest.php" line="64" assertions="1" time="0.012331">
            <failure type="PHPUnit\Framework\ExpectationFailedException">Tests\Feature\BookReviewTest::testValidation with data set #6 (array(null), 'comment')
Expected response status code [422] but received 200.
  Failed asserting that 422 is identical to 200.

/Users/mohamad/Downloads/backend/a/example-app/vendor/laravel/framework/src/Illuminate/Testing/TestResponse.php:177
/Users/mohamad/Downloads/backend/a/example-app/tests/Feature/BookReviewTest.php:79</failure>
          </testcase>
          <testcase name="testValidation with data set #7" class="Tests\Feature\BookReviewTest" classname="Tests.Feature.BookReviewTest" file="/Users/mohamad/Downloads/backend/a/example-app/tests/Feature/BookReviewTest.php" line="64" assertions="1" time="0.013189">
            <failure type="PHPUnit\Framework\ExpectationFailedException">Tests\Feature\BookReviewTest::testValidation with data set #7 (array(''), 'comment')
Expected response status code [422] but received 200.
  Failed asserting that 422 is identical to 200.

/Users/mohamad/Downloads/backend/a/example-app/vendor/laravel/framework/src/Illuminate/Testing/TestResponse.php:177
/Users/mohamad/Downloads/backend/a/example-app/tests/Feature/BookReviewTest.php:79</failure>
          </testcase>
          <testcase name="testValidation with data set #8" class="Tests\Feature\BookReviewTest" classname="Tests.Feature.BookReviewTest" file="/Users/mohamad/Downloads/backend/a/example-app/tests/Feature/BookReviewTest.php" line="64" assertions="1" time="0.013050">
            <failure type="PHPUnit\Framework\ExpectationFailedException">Tests\Feature\BookReviewTest::testValidation with data set #8 (array(array()), 'comment')
Expected response status code [422] but received 200.
  Failed asserting that 422 is identical to 200.

/Users/mohamad/Downloads/backend/a/example-app/vendor/laravel/framework/src/Illuminate/Testing/TestResponse.php:177
/Users/mohamad/Downloads/backend/a/example-app/tests/Feature/BookReviewTest.php:79</failure>
          </testcase>
        </testsuite>
      </testsuite>
    </testsuite>
  </testsuite>
</testsuites>
